TN:
SF:src/__tests__/setup.ts
FN:50,(anonymous_0)
FN:57,(anonymous_1)
FN:5,(anonymous_2)
FN:45,(anonymous_3)
FN:86,(anonymous_4)
FNF:5
FNH:0
FNDA:0,(anonymous_0)
FNDA:0,(anonymous_1)
FNDA:0,(anonymous_2)
FNDA:0,(anonymous_3)
FNDA:0,(anonymous_4)
DA:2,0
DA:5,0
DA:7,0
DA:45,0
DA:50,0
DA:57,0
DA:79,0
DA:80,0
DA:83,0
DA:86,0
DA:87,0
DA:90,0
LF:12
LH:0
BRF:0
BRH:0
end_of_record
TN:
SF:src/__tests__/mocks/data.ts
FNF:0
FNH:0
DA:2,4
DA:12,4
DA:48,4
DA:90,4
DA:113,4
DA:122,4
LF:6
LH:6
BRF:0
BRH:0
end_of_record
TN:
SF:src/context/auth.ts
FN:19,getUserFromToken
FN:47,signToken
FNF:2
FNH:1
FNDA:0,getUserFromToken
FNDA:2,signToken
DA:1,1
DA:2,1
DA:19,1
DA:20,0
DA:22,0
DA:24,0
DA:27,0
DA:30,0
DA:40,0
DA:42,0
DA:43,0
DA:47,1
DA:48,2
LF:13
LH:5
BRDA:20,0,0,0
BRDA:24,1,0,0
BRDA:24,1,1,0
BRF:3
BRH:0
end_of_record
TN:
SF:src/context/index.ts
FN:21,createContext
FNF:1
FNH:0
FNDA:0,createContext
DA:3,0
DA:4,0
DA:5,0
DA:21,0
DA:22,0
DA:23,0
DA:25,0
LF:7
LH:0
BRF:0
BRH:0
end_of_record
TN:
SF:src/lib/email.ts
FN:15,(anonymous_1)
FN:27,(anonymous_2)
FN:33,(anonymous_3)
FN:45,(anonymous_4)
FN:56,(anonymous_5)
FN:68,(anonymous_6)
FN:79,(anonymous_7)
FN:90,(anonymous_8)
FN:101,(anonymous_9)
FNF:9
FNH:7
FNDA:39,(anonymous_1)
FNDA:37,(anonymous_2)
FNDA:53,(anonymous_3)
FNDA:37,(anonymous_4)
FNDA:16,(anonymous_5)
FNDA:11,(anonymous_6)
FNDA:10,(anonymous_7)
FNDA:0,(anonymous_8)
FNDA:0,(anonymous_9)
DA:1,6
DA:2,6
DA:3,6
DA:12,6
DA:16,39
DA:28,37
DA:29,37
DA:30,37
DA:33,37
DA:34,53
DA:35,53
DA:38,37
DA:40,0
DA:41,0
DA:46,37
DA:48,37
DA:57,16
DA:69,11
DA:80,10
DA:91,0
DA:102,0
DA:103,0
DA:104,0
DA:106,0
DA:107,0
DA:112,6
LF:26
LH:18
BRDA:18,0,0,39
BRDA:18,0,1,0
BRDA:85,1,0,8
BRDA:85,1,1,2
BRDA:96,2,0,0
BRDA:96,2,1,0
BRF:6
BRH:3
end_of_record
TN:
SF:src/lib/prisma.ts
FNF:0
FNH:0
DA:1,0
DA:8,0
DA:14,0
DA:15,0
LF:4
LH:0
BRDA:9,0,0,0
BRDA:9,0,1,0
BRDA:11,1,0,0
BRDA:11,1,1,0
BRDA:14,2,0,0
BRF:5
BRH:0
end_of_record
TN:
SF:src/lib/redis.ts
FN:7,(anonymous_1)
FN:16,(anonymous_2)
FN:20,(anonymous_3)
FN:25,getCache
FN:35,setCache
FN:43,invalidateCache
FNF:6
FNH:0
FNDA:0,(anonymous_1)
FNDA:0,(anonymous_2)
FNDA:0,(anonymous_3)
FNDA:0,getCache
FNDA:0,setCache
FNDA:0,invalidateCache
DA:1,0
DA:3,0
DA:5,0
DA:8,0
DA:9,0
DA:10,0
DA:12,0
DA:16,0
DA:17,0
DA:20,0
DA:21,0
DA:25,0
DA:26,0
DA:27,0
DA:28,0
DA:30,0
DA:31,0
DA:35,0
DA:36,0
DA:37,0
DA:39,0
DA:43,0
DA:44,0
DA:45,0
DA:46,0
DA:47,0
DA:50,0
LF:27
LH:0
BRDA:3,0,0,0
BRDA:3,0,1,0
BRDA:8,1,0,0
BRDA:28,2,0,0
BRDA:28,2,1,0
BRDA:46,3,0,0
BRF:6
BRH:0
end_of_record
TN:
SF:src/lib/sms.ts
FN:8,(anonymous_1)
FN:28,(anonymous_2)
FN:51,(anonymous_3)
FN:73,(anonymous_4)
FN:96,(anonymous_5)
FNF:5
FNH:4
FNDA:52,(anonymous_1)
FNDA:38,(anonymous_2)
FNDA:31,(anonymous_3)
FNDA:0,(anonymous_4)
FNDA:10,(anonymous_5)
DA:1,6
DA:3,6
DA:4,52
DA:5,52
DA:6,52
DA:9,52
DA:10,52
DA:11,52
DA:14,52
DA:15,46
DA:16,46
DA:17,46
DA:18,46
DA:19,46
DA:21,0
DA:24,6
DA:30,38
DA:33,38
DA:34,32
DA:38,6
DA:39,0
DA:43,6
DA:44,3
DA:48,3
DA:52,31
DA:53,3
DA:56,28
DA:57,28
DA:58,28
DA:60,28
DA:66,20
DA:68,8
DA:69,8
DA:74,0
DA:75,0
DA:76,0
DA:79,0
DA:80,0
DA:81,0
DA:83,0
DA:89,0
DA:91,0
DA:97,10
DA:98,10
DA:100,10
DA:102,0
DA:107,6
LF:47
LH:35
BRDA:14,0,0,46
BRDA:14,0,1,6
BRDA:14,1,0,52
BRDA:14,1,1,49
BRDA:14,1,2,48
BRDA:14,1,3,47
BRDA:33,2,0,32
BRDA:38,3,0,0
BRDA:38,4,0,6
BRDA:38,4,1,0
BRDA:43,5,0,3
BRDA:52,6,0,3
BRDA:52,7,0,31
BRDA:52,7,1,28
BRDA:74,8,0,0
BRDA:74,9,0,0
BRDA:74,9,1,0
BRF:17
BRH:12
end_of_record
TN:
SF:src/lib/twoFactor.ts
FN:9,(anonymous_1)
FN:17,(anonymous_2)
FN:22,(anonymous_3)
FN:41,(anonymous_4)
FN:93,(anonymous_5)
FN:142,(anonymous_6)
FN:163,(anonymous_7)
FN:188,(anonymous_8)
FN:201,(anonymous_9)
FN:215,(anonymous_10)
FN:234,(anonymous_11)
FN:250,(anonymous_12)
FN:257,(anonymous_13)
FN:281,(anonymous_14)
FNF:14
FNH:14
FNDA:7,(anonymous_1)
FNDA:12,(anonymous_2)
FNDA:24,(anonymous_3)
FNDA:13,(anonymous_4)
FNDA:9,(anonymous_5)
FNDA:10,(anonymous_6)
FNDA:15,(anonymous_7)
FNDA:3,(anonymous_8)
FNDA:18,(anonymous_9)
FNDA:17,(anonymous_10)
FNDA:4,(anonymous_11)
FNDA:1,(anonymous_12)
FNDA:39,(anonymous_13)
FNDA:2,(anonymous_14)
DA:1,4
DA:2,4
DA:3,4
DA:4,4
DA:5,4
DA:6,4
DA:7,4
DA:9,4
DA:10,7
DA:11,7
DA:12,7
DA:13,7
DA:14,7
DA:18,12
DA:23,24
DA:25,24
DA:26,24
DA:28,24
DA:29,13
DA:32,24
DA:34,0
DA:36,0
DA:47,13
DA:48,13
DA:49,1
DA:52,12
DA:53,12
DA:56,12
DA:62,12
DA:63,12
DA:65,12
DA:66,12
DA:69,12
DA:80,12
DA:81,8
DA:82,4
DA:83,4
DA:84,2
DA:85,2
DA:89,10
DA:99,9
DA:110,9
DA:111,1
DA:112,1
DA:116,8
DA:117,1
DA:118,1
DA:122,7
DA:124,7
DA:125,3
DA:129,3
DA:130,3
DA:132,4
DA:136,4
DA:137,4
DA:143,10
DA:144,10
DA:146,10
DA:148,100
DA:149,100
DA:150,100
DA:154,10
DA:159,10
DA:164,15
DA:165,15
DA:167,15
DA:169,15
DA:170,33
DA:171,33
DA:173,12
DA:174,12
DA:179,12
DA:180,12
DA:184,3
DA:189,3
DA:190,3
DA:192,2
DA:193,2
DA:194,2
DA:196,0
DA:202,18
DA:203,18
DA:204,18
DA:206,18
DA:207,18
DA:208,18
DA:210,18
DA:211,18
DA:216,17
DA:217,17
DA:218,17
DA:220,17
DA:221,17
DA:222,17
DA:224,17
DA:225,17
DA:227,17
DA:228,17
DA:230,17
DA:235,4
DA:237,4
DA:238,4
DA:239,4
DA:241,4
DA:242,4
DA:243,4
DA:245,0
DA:251,1
DA:252,1
DA:253,1
DA:264,39
DA:265,39
DA:275,0
DA:282,2
DA:286,4
LF:115
LH:110
BRDA:28,0,0,13
BRDA:48,1,0,1
BRDA:53,2,0,0
BRDA:80,3,0,8
BRDA:80,3,1,4
BRDA:82,4,0,4
BRDA:83,5,0,2
BRDA:110,6,0,1
BRDA:116,7,0,1
BRDA:124,8,0,3
BRDA:124,8,1,4
BRDA:165,9,0,0
BRDA:171,10,0,12
BRDA:190,11,0,1
BRDA:235,12,0,0
BRDA:239,13,0,0
BRDA:252,14,0,0
BRDA:271,15,0,0
BRDA:271,15,1,39
BRF:19
BRH:13
end_of_record
TN:
SF:src/lib/utils.ts
FN:4,parseDecimal
FN:11,getMonthRange
FN:19,getWeekRange
FN:32,getYearRange
FN:40,getPreviousPeriodRange
FN:84,getCategoryColor
FNF:6
FNH:3
FNDA:29,parseDecimal
FNDA:1,getMonthRange
FNDA:0,getWeekRange
FNDA:0,getYearRange
FNDA:0,getPreviousPeriodRange
FNDA:2,getCategoryColor
DA:4,3
DA:5,29
DA:6,1
DA:7,1
DA:11,3
DA:12,1
DA:13,1
DA:14,1
DA:15,1
DA:19,3
DA:20,0
DA:21,0
DA:22,0
DA:23,0
DA:24,0
DA:25,0
DA:26,0
DA:27,0
DA:28,0
DA:32,3
DA:33,0
DA:34,0
DA:35,0
DA:36,0
DA:40,3
DA:41,0
DA:43,0
DA:45,0
DA:46,0
DA:47,0
DA:48,0
DA:49,0
DA:50,0
DA:51,0
DA:52,0
DA:55,0
DA:56,0
DA:57,0
DA:60,0
DA:61,0
DA:62,0
DA:68,3
DA:84,3
DA:85,2
LF:44
LH:15
BRDA:5,0,0,28
BRDA:6,1,0,0
BRDA:43,2,0,0
BRDA:43,2,1,0
BRDA:43,2,2,0
BRDA:85,3,0,2
BRDA:85,3,1,0
BRF:7
BRH:2
end_of_record
TN:
SF:src/lib/jobs/cleanup2FA.ts
FN:7,cleanup2FACodes
FN:25,cleanup2FALogs
FN:45,runAllCleanupJobs
FNF:3
FNH:0
FNDA:0,cleanup2FACodes
FNDA:0,cleanup2FALogs
FNDA:0,runAllCleanupJobs
DA:1,0
DA:7,0
DA:8,0
DA:9,0
DA:15,0
DA:17,0
DA:25,0
DA:26,0
DA:27,0
DA:28,0
DA:30,0
DA:36,0
DA:38,0
DA:45,0
DA:46,0
DA:47,0
DA:48,0
DA:49,0
LF:18
LH:0
BRF:0
BRH:0
end_of_record
TN:
SF:src/middleware/authMiddleware.ts
FN:4,requireAuth
FN:17,(anonymous_1)
FN:25,(anonymous_2)
FN:33,(anonymous_3)
FNF:4
FNH:2
FNDA:64,requireAuth
FNDA:7,(anonymous_1)
FNDA:0,(anonymous_2)
FNDA:0,(anonymous_3)
DA:1,5
DA:4,5
DA:5,64
DA:6,9
DA:13,55
DA:16,5
DA:18,7
DA:24,5
DA:26,0
DA:32,5
DA:34,0
LF:11
LH:9
BRDA:5,0,0,9
BRDA:25,1,0,0
BRF:2
BRH:1
end_of_record
TN:
SF:src/schema/index.ts
FN:1,(anonymous_0)
FN:2,(anonymous_1)
FNF:2
FNH:0
FNDA:0,(anonymous_0)
FNDA:0,(anonymous_1)
DA:1,0
DA:2,0
LF:2
LH:0
BRF:0
BRH:0
end_of_record
TN:
SF:src/schema/resolvers/account.ts
FN:21,(anonymous_0)
FN:30,(anonymous_1)
FN:44,(anonymous_2)
FN:52,(anonymous_3)
FN:61,(anonymous_4)
FN:80,(anonymous_5)
FN:105,(anonymous_6)
FN:124,(anonymous_7)
FN:128,(anonymous_8)
FN:151,(anonymous_9)
FNF:10
FNH:8
FNDA:5,(anonymous_0)
FNDA:2,(anonymous_1)
FNDA:3,(anonymous_2)
FNDA:6,(anonymous_3)
FNDA:3,(anonymous_4)
FNDA:2,(anonymous_5)
FNDA:2,(anonymous_6)
FNDA:6,(anonymous_7)
FNDA:0,(anonymous_8)
FNDA:0,(anonymous_9)
DA:2,2
DA:3,2
DA:4,2
DA:19,2
DA:22,5
DA:24,2
DA:31,2
DA:33,2
DA:37,2
DA:38,1
DA:41,1
DA:45,3
DA:47,3
DA:52,3
DA:53,6
DA:55,6
DA:66,3
DA:68,2
DA:75,2
DA:77,2
DA:85,2
DA:87,2
DA:91,2
DA:92,1
DA:95,1
DA:100,1
DA:102,1
DA:106,2
DA:108,2
DA:112,2
DA:113,1
DA:116,1
DA:117,1
DA:119,1
DA:125,6
DA:133,0
DA:134,0
DA:135,0
DA:137,0
DA:148,0
DA:150,0
DA:151,0
LF:42
LH:35
BRDA:37,0,0,1
BRDA:55,1,0,2
BRDA:55,1,1,4
BRDA:91,2,0,1
BRDA:112,3,0,1
BRDA:133,4,0,0
BRDA:133,4,1,0
BRDA:134,5,0,0
BRDA:134,5,1,0
BRF:9
BRH:5
end_of_record
TN:
SF:src/schema/resolvers/advice.ts
FN:18,(anonymous_0)
FN:38,(anonymous_1)
FN:44,(anonymous_2)
FN:45,(anonymous_3)
FN:48,(anonymous_4)
FN:49,(anonymous_5)
FN:52,(anonymous_6)
FN:53,(anonymous_7)
FN:56,(anonymous_8)
FN:57,(anonymous_9)
FN:65,(anonymous_10)
FN:66,(anonymous_11)
FN:79,(anonymous_12)
FN:80,(anonymous_13)
FN:85,(anonymous_14)
FN:86,(anonymous_15)
FN:191,(anonymous_16)
FN:207,(anonymous_17)
FN:215,(anonymous_18)
FN:225,(anonymous_19)
FN:226,(anonymous_20)
FN:230,(anonymous_21)
FN:231,(anonymous_22)
FN:245,(anonymous_23)
FN:246,(anonymous_24)
FN:249,(anonymous_25)
FN:250,(anonymous_26)
FN:253,(anonymous_27)
FNF:28
FNH:0
FNDA:0,(anonymous_0)
FNDA:0,(anonymous_1)
FNDA:0,(anonymous_2)
FNDA:0,(anonymous_3)
FNDA:0,(anonymous_4)
FNDA:0,(anonymous_5)
FNDA:0,(anonymous_6)
FNDA:0,(anonymous_7)
FNDA:0,(anonymous_8)
FNDA:0,(anonymous_9)
FNDA:0,(anonymous_10)
FNDA:0,(anonymous_11)
FNDA:0,(anonymous_12)
FNDA:0,(anonymous_13)
FNDA:0,(anonymous_14)
FNDA:0,(anonymous_15)
FNDA:0,(anonymous_16)
FNDA:0,(anonymous_17)
FNDA:0,(anonymous_18)
FNDA:0,(anonymous_19)
FNDA:0,(anonymous_20)
FNDA:0,(anonymous_21)
FNDA:0,(anonymous_22)
FNDA:0,(anonymous_23)
FNDA:0,(anonymous_24)
FNDA:0,(anonymous_25)
FNDA:0,(anonymous_26)
FNDA:0,(anonymous_27)
DA:2,1
DA:3,1
DA:4,1
DA:16,1
DA:19,0
DA:22,0
DA:23,0
DA:24,0
DA:26,0
DA:28,0
DA:35,0
DA:38,0
DA:39,0
DA:40,0
DA:43,0
DA:44,0
DA:45,0
DA:47,0
DA:48,0
DA:49,0
DA:51,0
DA:52,0
DA:53,0
DA:55,0
DA:56,0
DA:57,0
DA:60,0
DA:63,0
DA:64,0
DA:65,0
DA:67,0
DA:72,0
DA:78,0
DA:79,0
DA:80,0
DA:83,0
DA:84,0
DA:85,0
DA:86,0
DA:89,0
DA:91,0
DA:96,0
DA:97,0
DA:106,0
DA:107,0
DA:117,0
DA:129,0
DA:130,0
DA:131,0
DA:140,0
DA:141,0
DA:153,0
DA:154,0
DA:166,0
DA:167,0
DA:178,0
DA:179,0
DA:191,0
DA:192,0
DA:193,0
DA:206,0
DA:207,0
DA:210,0
DA:212,0
DA:216,0
DA:218,0
DA:220,0
DA:224,0
DA:225,0
DA:226,0
DA:228,0
DA:229,0
DA:230,0
DA:232,0
DA:236,0
DA:242,0
DA:244,0
DA:245,0
DA:246,0
DA:248,0
DA:249,0
DA:250,0
DA:252,0
DA:253,0
DA:256,0
DA:258,0
LF:86
LH:4
BRDA:24,0,0,0
BRDA:40,1,0,0
BRDA:40,1,1,0
BRDA:60,2,0,0
BRDA:60,2,1,0
BRDA:68,3,0,0
BRDA:68,3,1,0
BRDA:89,4,0,0
BRDA:89,4,1,0
BRDA:91,5,0,0
BRDA:91,5,1,0
BRDA:96,6,0,0
BRDA:96,6,1,0
BRDA:106,7,0,0
BRDA:106,7,1,0
BRDA:129,8,0,0
BRDA:129,8,1,0
BRDA:130,9,0,0
BRDA:130,9,1,0
BRDA:140,10,0,0
BRDA:153,11,0,0
BRDA:166,12,0,0
BRDA:178,13,0,0
BRDA:192,14,0,0
BRDA:192,15,0,0
BRDA:192,15,1,0
BRDA:192,15,2,0
BRDA:233,16,0,0
BRDA:233,16,1,0
BRDA:262,17,0,0
BRDA:262,17,1,0
BRDA:268,18,0,0
BRDA:268,18,1,0
BRDA:274,19,0,0
BRDA:274,19,1,0
BRF:35
BRH:0
end_of_record
TN:
SF:src/schema/resolvers/analytics.ts
FN:15,getDateRange
FN:28,(anonymous_1)
FN:46,(anonymous_2)
FN:52,(anonymous_3)
FN:53,(anonymous_4)
FN:56,(anonymous_5)
FN:57,(anonymous_6)
FN:67,(anonymous_7)
FN:68,(anonymous_8)
FN:74,(anonymous_9)
FN:79,(anonymous_10)
FN:81,(anonymous_11)
FN:108,(anonymous_12)
FN:139,(anonymous_13)
FN:140,(anonymous_14)
FN:143,(anonymous_15)
FN:144,(anonymous_16)
FN:147,(anonymous_17)
FN:148,(anonymous_18)
FN:151,(anonymous_19)
FN:152,(anonymous_20)
FN:157,(anonymous_21)
FN:158,(anonymous_22)
FN:166,(anonymous_23)
FN:173,(anonymous_24)
FN:237,(anonymous_25)
FN:255,(anonymous_26)
FN:260,(anonymous_27)
FN:268,(anonymous_28)
FN:275,(anonymous_29)
FN:280,(anonymous_30)
FN:281,(anonymous_31)
FN:282,(anonymous_32)
FNF:33
FNH:14
FNDA:0,getDateRange
FNDA:1,(anonymous_1)
FNDA:3,(anonymous_2)
FNDA:3,(anonymous_3)
FNDA:1,(anonymous_4)
FNDA:3,(anonymous_5)
FNDA:2,(anonymous_6)
FNDA:3,(anonymous_7)
FNDA:2,(anonymous_8)
FNDA:2,(anonymous_9)
FNDA:6,(anonymous_10)
FNDA:1,(anonymous_11)
FNDA:0,(anonymous_12)
FNDA:0,(anonymous_13)
FNDA:0,(anonymous_14)
FNDA:0,(anonymous_15)
FNDA:0,(anonymous_16)
FNDA:0,(anonymous_17)
FNDA:0,(anonymous_18)
FNDA:0,(anonymous_19)
FNDA:0,(anonymous_20)
FNDA:0,(anonymous_21)
FNDA:0,(anonymous_22)
FNDA:0,(anonymous_23)
FNDA:0,(anonymous_24)
FNDA:0,(anonymous_25)
FNDA:0,(anonymous_26)
FNDA:0,(anonymous_27)
FNDA:0,(anonymous_28)
FNDA:0,(anonymous_29)
FNDA:1,(anonymous_30)
FNDA:1,(anonymous_31)
FNDA:1,(anonymous_32)
DA:2,1
DA:3,1
DA:4,1
DA:16,0
DA:18,0
DA:20,0
DA:22,0
DA:26,1
DA:29,1
DA:32,1
DA:33,1
DA:34,1
DA:36,1
DA:38,1
DA:46,1
DA:47,3
DA:48,3
DA:51,1
DA:52,3
DA:53,1
DA:55,1
DA:56,3
DA:57,2
DA:60,1
DA:65,1
DA:66,1
DA:67,3
DA:69,2
DA:73,1
DA:74,2
DA:79,6
DA:81,1
DA:84,1
DA:91,1
DA:103,1
DA:105,1
DA:113,0
DA:116,0
DA:117,0
DA:118,0
DA:120,0
DA:121,0
DA:123,0
DA:138,0
DA:139,0
DA:140,0
DA:142,0
DA:143,0
DA:144,0
DA:146,0
DA:147,0
DA:148,0
DA:150,0
DA:151,0
DA:152,0
DA:155,0
DA:156,0
DA:157,0
DA:159,0
DA:160,0
DA:161,0
DA:162,0
DA:165,0
DA:166,0
DA:173,0
DA:176,0
DA:177,0
DA:179,0
DA:232,0
DA:234,0
DA:242,0
DA:244,0
DA:246,0
DA:254,0
DA:255,0
DA:259,0
DA:260,0
DA:261,0
DA:262,0
DA:263,0
DA:264,0
DA:267,0
DA:268,0
DA:275,0
DA:280,1
DA:281,1
DA:282,1
LF:87
LH:35
BRDA:16,0,0,0
BRDA:16,0,1,0
BRDA:16,0,2,0
BRDA:34,1,0,0
BRDA:48,2,0,1
BRDA:48,2,1,2
BRDA:60,3,0,1
BRDA:60,3,1,0
BRDA:70,4,0,2
BRDA:70,4,1,2
BRDA:77,5,0,2
BRDA:77,5,1,0
BRDA:110,6,0,0
BRDA:118,7,0,0
BRDA:159,8,0,0
BRDA:159,8,1,0
BRDA:169,9,0,0
BRDA:169,9,1,0
BRDA:189,10,0,0
BRDA:189,10,1,0
BRDA:192,11,0,0
BRDA:192,11,1,0
BRDA:209,12,0,0
BRDA:209,12,1,0
BRDA:212,13,0,0
BRDA:212,13,1,0
BRDA:217,14,0,0
BRDA:217,14,1,0
BRDA:221,15,0,0
BRDA:221,15,1,0
BRDA:225,16,0,0
BRDA:225,16,1,0
BRDA:239,17,0,0
BRDA:261,18,0,0
BRDA:261,18,1,0
BRDA:271,19,0,0
BRDA:271,19,1,0
BRF:37
BRH:6
end_of_record
TN:
SF:src/schema/resolvers/index.ts
FN:15,(anonymous_0)
FN:26,(anonymous_1)
FNF:2
FNH:0
FNDA:0,(anonymous_0)
FNDA:0,(anonymous_1)
DA:1,1
DA:2,1
DA:3,1
DA:4,1
DA:5,1
DA:6,1
DA:7,1
DA:8,1
DA:10,1
DA:15,0
DA:26,0
LF:11
LH:9
BRF:0
BRH:0
end_of_record
TN:
SF:src/schema/resolvers/savingsGoal.ts
FN:22,(anonymous_0)
FN:31,(anonymous_1)
FN:45,(anonymous_2)
FN:53,(anonymous_3)
FN:57,(anonymous_4)
FN:61,(anonymous_5)
FN:75,(anonymous_6)
FN:95,(anonymous_7)
FN:120,(anonymous_8)
FN:137,(anonymous_9)
FN:166,(anonymous_10)
FN:170,(anonymous_11)
FN:174,(anonymous_12)
FN:180,(anonymous_13)
FN:186,(anonymous_14)
FNF:15
FNH:0
FNDA:0,(anonymous_0)
FNDA:0,(anonymous_1)
FNDA:0,(anonymous_2)
FNDA:0,(anonymous_3)
FNDA:0,(anonymous_4)
FNDA:0,(anonymous_5)
FNDA:0,(anonymous_6)
FNDA:0,(anonymous_7)
FNDA:0,(anonymous_8)
FNDA:0,(anonymous_9)
FNDA:0,(anonymous_10)
FNDA:0,(anonymous_11)
FNDA:0,(anonymous_12)
FNDA:0,(anonymous_13)
FNDA:0,(anonymous_14)
DA:2,1
DA:3,1
DA:4,1
DA:20,1
DA:23,0
DA:25,0
DA:32,0
DA:34,0
DA:38,0
DA:39,0
DA:42,0
DA:46,0
DA:48,0
DA:52,0
DA:53,0
DA:56,0
DA:57,0
DA:60,0
DA:61,0
DA:64,0
DA:80,0
DA:82,0
DA:90,0
DA:92,0
DA:100,0
DA:102,0
DA:106,0
DA:107,0
DA:110,0
DA:115,0
DA:117,0
DA:121,0
DA:123,0
DA:127,0
DA:128,0
DA:131,0
DA:132,0
DA:134,0
DA:142,0
DA:144,0
DA:148,0
DA:149,0
DA:152,0
DA:159,0
DA:161,0
DA:167,0
DA:171,0
DA:175,0
DA:176,0
DA:177,0
DA:181,0
DA:182,0
DA:183,0
DA:187,0
DA:188,0
DA:189,0
DA:190,0
DA:191,0
DA:192,0
LF:59
LH:4
BRDA:38,0,0,0
BRDA:67,1,0,0
BRDA:67,1,1,0
BRDA:85,2,0,0
BRDA:85,2,1,0
BRDA:106,3,0,0
BRDA:127,4,0,0
BRDA:148,5,0,0
BRDA:177,6,0,0
BRDA:177,6,1,0
BRDA:187,7,0,0
BRDA:192,8,0,0
BRDA:192,8,1,0
BRF:13
BRH:0
end_of_record
TN:
SF:src/schema/resolvers/scalars.ts
FN:6,(anonymous_0)
FN:12,(anonymous_1)
FN:18,(anonymous_2)
FN:29,(anonymous_3)
FN:37,(anonymous_4)
FN:42,(anonymous_5)
FNF:6
FNH:3
FNDA:0,(anonymous_0)
FNDA:1,(anonymous_1)
FNDA:0,(anonymous_2)
FNDA:15,(anonymous_3)
FNDA:3,(anonymous_4)
FNDA:0,(anonymous_5)
DA:1,1
DA:3,1
DA:7,0
DA:8,0
DA:10,0
DA:13,1
DA:14,1
DA:16,0
DA:19,0
DA:20,0
DA:22,0
DA:26,1
DA:30,15
DA:31,0
DA:32,0
DA:33,0
DA:35,0
DA:38,3
DA:39,0
DA:40,0
DA:43,0
DA:44,0
DA:46,0
LF:23
LH:7
BRDA:7,0,0,0
BRDA:13,1,0,1
BRDA:13,2,0,1
BRDA:13,2,1,0
BRDA:19,3,0,0
BRDA:19,4,0,0
BRDA:19,4,1,0
BRDA:20,5,0,0
BRDA:20,5,1,0
BRDA:30,6,0,15
BRDA:31,7,0,0
BRDA:32,8,0,0
BRDA:32,9,0,0
BRDA:32,9,1,0
BRDA:32,9,2,0
BRDA:38,10,0,3
BRDA:39,11,0,0
BRDA:43,12,0,0
BRDA:43,13,0,0
BRDA:43,13,1,0
BRF:20
BRH:4
end_of_record
TN:
SF:src/schema/resolvers/transaction.ts
FN:45,(anonymous_0)
FN:110,(anonymous_1)
FN:123,(anonymous_2)
FN:138,(anonymous_3)
FN:153,(anonymous_4)
FN:162,(anonymous_5)
FN:167,(anonymous_6)
FN:212,(anonymous_7)
FN:249,(anonymous_8)
FN:283,(anonymous_9)
FNF:10
FNH:10
FNDA:9,(anonymous_0)
FNDA:7,(anonymous_1)
FNDA:2,(anonymous_2)
FNDA:3,(anonymous_3)
FNDA:2,(anonymous_4)
FNDA:6,(anonymous_5)
FNDA:4,(anonymous_6)
FNDA:2,(anonymous_7)
FNDA:2,(anonymous_8)
FNDA:8,(anonymous_9)
DA:3,2
DA:4,2
DA:5,2
DA:43,2
DA:54,9
DA:56,8
DA:57,8
DA:58,8
DA:60,8
DA:65,8
DA:66,1
DA:72,8
DA:73,8
DA:74,8
DA:75,8
DA:76,1
DA:77,1
DA:78,1
DA:80,8
DA:81,1
DA:82,1
DA:83,1
DA:87,8
DA:88,8
DA:89,8
DA:91,8
DA:92,1
DA:93,0
DA:94,0
DA:96,8
DA:107,8
DA:109,8
DA:110,7
DA:124,2
DA:126,2
DA:131,2
DA:132,1
DA:135,1
DA:143,3
DA:145,3
DA:154,2
DA:156,2
DA:162,6
DA:172,4
DA:175,4
DA:179,4
DA:180,1
DA:183,3
DA:193,3
DA:199,3
DA:200,3
DA:207,3
DA:209,3
DA:217,2
DA:219,2
DA:223,2
DA:224,1
DA:228,1
DA:229,0
DA:233,0
DA:234,0
DA:238,1
DA:244,1
DA:246,1
DA:250,2
DA:252,2
DA:256,2
DA:257,1
DA:262,1
DA:268,1
DA:269,1
DA:275,1
DA:276,1
DA:278,1
DA:284,8
LF:75
LH:70
BRDA:56,0,0,8
BRDA:56,0,1,0
BRDA:57,1,0,8
BRDA:57,1,1,0
BRDA:65,2,0,1
BRDA:72,3,0,1
BRDA:73,4,0,1
BRDA:74,5,0,0
BRDA:75,6,0,1
BRDA:75,7,0,8
BRDA:75,7,1,7
BRDA:77,8,0,1
BRDA:78,9,0,1
BRDA:80,10,0,1
BRDA:80,11,0,8
BRDA:80,11,1,7
BRDA:82,12,0,1
BRDA:83,13,0,1
BRDA:88,14,0,8
BRDA:88,14,1,7
BRDA:89,15,0,1
BRDA:89,15,1,7
BRDA:91,16,0,7
BRDA:91,16,1,1
BRDA:92,17,0,1
BRDA:92,17,1,0
BRDA:93,18,0,0
BRDA:93,18,1,0
BRDA:131,19,0,1
BRDA:140,20,0,1
BRDA:179,21,0,1
BRDA:193,22,0,1
BRDA:193,22,1,2
BRDA:195,23,0,2
BRDA:195,23,1,0
BRDA:199,24,0,3
BRDA:223,25,0,1
BRDA:228,26,0,0
BRDA:228,27,0,1
BRDA:228,27,1,0
BRDA:233,28,0,0
BRDA:256,29,0,1
BRDA:262,30,0,0
BRDA:262,30,1,1
BRDA:264,31,0,1
BRDA:264,31,1,0
BRDA:268,32,0,1
BRF:47
BRH:35
end_of_record
TN:
SF:src/schema/resolvers/twoFactor.ts
FN:14,(anonymous_1)
FN:41,(anonymous_2)
FN:87,(anonymous_3)
FN:156,(anonymous_4)
FN:209,(anonymous_5)
FN:245,(anonymous_6)
FN:320,(anonymous_7)
FNF:7
FNH:7
FNDA:4,(anonymous_1)
FNDA:5,(anonymous_2)
FNDA:4,(anonymous_3)
FNDA:3,(anonymous_4)
FNDA:3,(anonymous_5)
FNDA:5,(anonymous_6)
FNDA:5,(anonymous_7)
DA:1,2
DA:2,2
DA:3,2
DA:5,2
DA:6,2
DA:7,2
DA:8,2
DA:9,2
DA:10,2
DA:12,2
DA:15,4
DA:17,3
DA:21,3
DA:22,0
DA:25,3
DA:27,3
DA:46,5
DA:49,4
DA:50,2
DA:51,0
DA:57,2
DA:58,2
DA:59,0
DA:65,2
DA:66,2
DA:73,4
DA:76,3
DA:78,3
DA:92,4
DA:95,4
DA:102,4
DA:103,1
DA:109,3
DA:112,3
DA:113,3
DA:114,2
DA:115,2
DA:116,1
DA:117,1
DA:118,1
DA:121,3
DA:127,3
DA:130,3
DA:131,3
DA:137,3
DA:138,1
DA:139,1
DA:140,1
DA:141,1
DA:145,0
DA:149,3
DA:161,3
DA:164,3
DA:167,3
DA:174,3
DA:175,1
DA:181,2
DA:182,2
DA:183,2
DA:184,0
DA:185,0
DA:188,2
DA:194,2
DA:197,2
DA:198,2
DA:203,0
DA:206,2
DA:214,3
DA:217,2
DA:221,2
DA:222,0
DA:225,2
DA:226,2
DA:227,1
DA:233,1
DA:236,1
DA:237,1
DA:239,0
DA:242,1
DA:250,5
DA:254,5
DA:255,1
DA:260,4
DA:262,4
DA:263,1
DA:269,3
DA:271,3
DA:274,1
DA:283,2
DA:293,2
DA:295,2
DA:296,2
DA:297,2
DA:298,2
DA:300,0
DA:304,2
DA:305,1
DA:306,1
DA:307,1
DA:309,0
DA:313,2
DA:335,5
DA:336,5
DA:337,4
DA:338,1
DA:341,2
DA:346,3
DA:349,3
DA:351,3
DA:352,1
DA:354,2
DA:357,3
DA:358,1
DA:364,2
DA:368,2
DA:369,0
DA:372,2
DA:374,2
LF:118
LH:106
BRDA:21,0,0,0
BRDA:32,1,0,2
BRDA:32,1,1,1
BRDA:49,2,0,2
BRDA:50,3,0,0
BRDA:58,4,0,0
BRDA:81,5,0,1
BRDA:81,5,1,2
BRDA:83,6,0,2
BRDA:83,6,1,0
BRDA:102,7,0,1
BRDA:113,8,0,2
BRDA:113,8,1,1
BRDA:116,9,0,1
BRDA:133,10,0,2
BRDA:133,10,1,1
BRDA:137,11,0,1
BRDA:139,12,0,1
BRDA:174,13,0,1
BRDA:182,14,0,2
BRDA:182,14,1,0
BRDA:184,15,0,0
BRDA:200,16,0,2
BRDA:200,16,1,0
BRDA:221,17,0,0
BRDA:226,18,0,1
BRDA:254,19,0,1
BRDA:254,20,0,5
BRDA:254,20,1,4
BRDA:262,21,0,1
BRDA:269,22,0,3
BRDA:269,22,1,1
BRDA:271,23,0,1
BRDA:295,24,0,2
BRDA:304,25,0,1
BRDA:337,26,0,1
BRDA:351,27,0,1
BRDA:351,27,1,2
BRDA:357,28,0,1
BRDA:368,29,0,0
BRF:40
BRH:31
end_of_record
TN:
SF:src/schema/resolvers/user.ts
FN:9,(anonymous_0)
FN:23,(anonymous_1)
FN:54,(anonymous_2)
FN:88,(anonymous_3)
FN:106,(anonymous_4)
FN:112,(anonymous_5)
FN:135,(anonymous_6)
FN:148,(anonymous_7)
FNF:8
FNH:8
FNDA:4,(anonymous_0)
FNDA:5,(anonymous_1)
FNDA:4,(anonymous_2)
FNDA:3,(anonymous_3)
FNDA:1,(anonymous_4)
FNDA:1,(anonymous_5)
FNDA:2,(anonymous_6)
FNDA:1,(anonymous_7)
DA:1,2
DA:2,2
DA:4,2
DA:5,2
DA:7,2
DA:10,4
DA:12,2
DA:28,5
DA:32,5
DA:33,2
DA:38,3
DA:40,3
DA:41,1
DA:46,2
DA:48,2
DA:59,4
DA:63,4
DA:64,1
DA:69,3
DA:71,3
DA:79,3
DA:81,3
DA:93,3
DA:95,2
DA:107,1
DA:117,1
DA:118,1
DA:119,1
DA:121,1
DA:132,1
DA:134,1
DA:135,2
DA:149,1
LF:33
LH:33
BRDA:10,0,0,2
BRDA:32,1,0,2
BRDA:32,2,0,5
BRDA:32,2,1,4
BRDA:40,3,0,1
BRDA:63,4,0,1
BRDA:75,5,0,3
BRDA:75,5,1,1
BRDA:98,6,0,2
BRDA:98,6,1,1
BRDA:99,7,0,2
BRDA:99,7,1,1
BRDA:117,8,0,1
BRDA:117,8,1,0
BRDA:118,9,0,1
BRDA:118,9,1,0
BRF:16
BRH:14
end_of_record
TN:
SF:src/schema/typeDefs/account.ts
FNF:0
FNH:0
DA:1,1
DA:3,1
LF:2
LH:2
BRF:0
BRH:0
end_of_record
TN:
SF:src/schema/typeDefs/advice.ts
FNF:0
FNH:0
DA:1,1
DA:3,1
LF:2
LH:2
BRF:0
BRH:0
end_of_record
TN:
SF:src/schema/typeDefs/analytics.ts
FNF:0
FNH:0
DA:1,1
DA:3,1
LF:2
LH:2
BRF:0
BRH:0
end_of_record
TN:
SF:src/schema/typeDefs/common.ts
FNF:0
FNH:0
DA:1,1
DA:3,1
LF:2
LH:2
BRF:0
BRH:0
end_of_record
TN:
SF:src/schema/typeDefs/index.ts
FNF:0
FNH:0
DA:1,1
DA:2,1
DA:3,1
DA:4,1
DA:5,1
DA:6,1
DA:7,1
DA:8,1
DA:9,1
DA:12,1
DA:22,1
LF:11
LH:11
BRF:0
BRH:0
end_of_record
TN:
SF:src/schema/typeDefs/savingsGoal.ts
FNF:0
FNH:0
DA:1,1
DA:3,1
LF:2
LH:2
BRF:0
BRH:0
end_of_record
TN:
SF:src/schema/typeDefs/transaction.ts
FNF:0
FNH:0
DA:1,1
DA:3,1
LF:2
LH:2
BRF:0
BRH:0
end_of_record
TN:
SF:src/schema/typeDefs/twoFactor.ts
FNF:0
FNH:0
DA:1,1
DA:3,1
LF:2
LH:2
BRF:0
BRH:0
end_of_record
TN:
SF:src/schema/typeDefs/user.ts
FNF:0
FNH:0
DA:1,1
DA:3,1
LF:2
LH:2
BRF:0
BRH:0
end_of_record
